<?xml version="1.0" encoding="UTF-8"?>
<!-- Generated by org.testng.reporters.JUnitReportReporter -->
<testsuite hostname="魑魅魍魉魅鬼" failures="0" tests="1" name="com.webtest.demo.ThumbSettings" time="25.784" errors="0" timestamp="04 12月 2018 07:12:49 GMT" skipped="0">
  <testcase classname="com.webtest.demo.ThumbSettings" name="thumbsettings" time="25.784"/>
</testsuite> <!-- com.webtest.demo.ThumbSettings -->
