<?xml version="1.0" encoding="UTF-8"?>
<!-- Generated by org.testng.reporters.JUnitReportReporter -->
<testsuite hostname="魑魅魍魉魅鬼" failures="0" tests="1" name="com.webtest.demo.CacheSettings" time="27.443" errors="0" timestamp="05 12月 2018 07:00:21 GMT" skipped="0">
  <testcase classname="com.webtest.demo.CacheSettings" name="basicsettings" time="27.443"/>
</testsuite> <!-- com.webtest.demo.CacheSettings -->
