<?xml version="1.0" encoding="UTF-8"?>
<!-- Generated by org.testng.reporters.JUnitReportReporter -->
<testsuite hostname="魑魅魍魉魅鬼" failures="0" tests="1" name="com.webtest.demo.Administrator" time="28.700" errors="0" timestamp="05 12月 2018 06:31:08 GMT" skipped="0">
  <testcase classname="com.webtest.demo.Administrator" name="administrator" time="28.700"/>
</testsuite> <!-- com.webtest.demo.Administrator -->
