<?xml version="1.0" encoding="UTF-8"?>
<!-- Generated by org.testng.reporters.JUnitReportReporter -->
<testsuite hostname="魑魅魍魉魅鬼" failures="0" tests="1" name="com.webtest.demo.BasicSettings" time="53.795" errors="0" timestamp="05 12月 2018 07:51:13 GMT" skipped="0">
  <testcase classname="com.webtest.demo.BasicSettings" name="basicsettings" time="53.795"/>
</testsuite> <!-- com.webtest.demo.BasicSettings -->
