<?xml version="1.0" encoding="UTF-8"?>
<!-- Generated by org.testng.reporters.JUnitReportReporter -->
<testsuite hostname="魑魅魍魉魅鬼" failures="0" tests="1" name="com.webtest.demo.ListSettings" time="64.067" errors="0" timestamp="04 12月 2018 07:50:12 GMT" skipped="0">
  <testcase classname="com.webtest.demo.ListSettings" name="listsettings" time="64.067"/>
</testsuite> <!-- com.webtest.demo.ListSettings -->
