<?xml version="1.0" encoding="UTF-8"?>
<!-- Generated by org.testng.reporters.JUnitReportReporter -->
<testsuite hostname="魑魅魍魉魅鬼" failures="0" tests="1" name="com.webtest.demo.SupermarketSetting" time="24.419" errors="0" timestamp="03 12月 2018 09:25:55 GMT" skipped="0">
  <testcase classname="com.webtest.demo.SupermarketSetting" name="supermarketsetting" time="24.419"/>
</testsuite> <!-- com.webtest.demo.SupermarketSetting -->
