<?xml version="1.0" encoding="UTF-8"?>
<!-- Generated by org.testng.reporters.JUnitReportReporter -->
<testsuite hostname="魑魅魍魉魅鬼" failures="0" tests="1" name="com.webtest.demo.SupermarketSettings" time="32.081" errors="0" timestamp="03 12月 2018 09:38:21 GMT" skipped="0">
  <testcase classname="com.webtest.demo.SupermarketSettings" name="supermarketsetting" time="32.081"/>
</testsuite> <!-- com.webtest.demo.SupermarketSettings -->
