<?xml version="1.0" encoding="UTF-8"?>
<!-- Generated by org.testng.reporters.JUnitReportReporter -->
<testsuite hostname="魑魅魍魉魅鬼" failures="0" tests="1" name="com.webtest.demo.Upload" time="34.060" errors="0" timestamp="30 11月 2018 02:51:05 GMT" skipped="0">
  <testcase classname="com.webtest.demo.Upload" name="check" time="34.060"/>
</testsuite> <!-- com.webtest.demo.Upload -->
