<?xml version="1.0" encoding="UTF-8"?>
<!-- Generated by org.testng.reporters.JUnitReportReporter -->
<testsuite hostname="魑魅魍魉魅鬼" failures="0" tests="1" name="com.webtest.demo.DNSSettings" time="25.584" errors="0" timestamp="05 12月 2018 07:07:21 GMT" skipped="0">
  <testcase classname="com.webtest.demo.DNSSettings" name="cachesettings" time="25.584"/>
</testsuite> <!-- com.webtest.demo.DNSSettings -->
