<?xml version="1.0" encoding="UTF-8"?>
<!-- Generated by org.testng.reporters.JUnitReportReporter -->
<testsuite hostname="魑魅魍魉魅鬼" failures="0" tests="1" name="com.webtest.demo.SafeSetting" time="23.157" errors="0" timestamp="30 11月 2018 01:41:18 GMT" skipped="0">
  <testcase classname="com.webtest.demo.SafeSetting" name="safeblack" time="23.157"/>
</testsuite> <!-- com.webtest.demo.SafeSetting -->
