<?xml version="1.0" encoding="UTF-8"?>
<!-- Generated by org.testng.reporters.JUnitReportReporter -->
<testsuite hostname="魑魅魍魉魅鬼" failures="0" tests="1" name="com.webtest.demo.SafeSettings" time="46.988" errors="0" timestamp="03 12月 2018 06:04:01 GMT" skipped="0">
  <testcase classname="com.webtest.demo.SafeSettings" name="safeblack" time="46.988"/>
</testsuite> <!-- com.webtest.demo.SafeSettings -->
