<?xml version="1.0" encoding="UTF-8"?>
<!-- Generated by org.testng.reporters.JUnitReportReporter -->
<testsuite hostname="魑魅魍魉魅鬼" failures="0" tests="1" name="com.webtest.demo.Back_Login" time="9.777" errors="0" timestamp="03 12月 2018 09:17:25 GMT" skipped="0">
  <testcase classname="com.webtest.demo.Back_Login" name="backLogin" time="9.777"/>
</testsuite> <!-- com.webtest.demo.Back_Login -->
