<?xml version="1.0" encoding="UTF-8"?>
<!-- Generated by org.testng.reporters.JUnitReportReporter -->
<testsuite hostname="魑魅魍魉魅鬼" failures="0" tests="1" name="com.webtest.demo.Content" time="23.888" errors="0" timestamp="03 12月 2018 06:36:34 GMT" skipped="0">
  <testcase classname="com.webtest.demo.Content" name="safeblack" time="23.888"/>
</testsuite> <!-- com.webtest.demo.Content -->
