<?xml version="1.0" encoding="UTF-8"?>
<!-- Generated by org.testng.reporters.JUnitReportReporter -->
<testsuite hostname="魑魅魍魉魅鬼" failures="0" tests="1" name="com.webtest.demo.DataSettings" time="22.209" errors="0" timestamp="05 12月 2018 06:12:20 GMT" skipped="0">
  <testcase classname="com.webtest.demo.DataSettings" name="listsettings" time="22.209"/>
</testsuite> <!-- com.webtest.demo.DataSettings -->
