<?xml version="1.0" encoding="UTF-8"?>
<!-- Generated by org.testng.reporters.JUnitReportReporter -->
<testsuite hostname="魑魅魍魉魅鬼" failures="0" tests="1" name="com.webtest.demo.Style" time="27.016" errors="0" timestamp="04 12月 2018 06:25:52 GMT" skipped="0">
  <testcase classname="com.webtest.demo.Style" name="check" time="27.016"/>
</testsuite> <!-- com.webtest.demo.Style -->
