<?xml version="1.0" encoding="UTF-8"?>
<!-- Generated by org.testng.reporters.JUnitReportReporter -->
<testsuite skipped="0" hostname="BF-201710220916" name="com.webtest.htmlunit_demo.Post_Delete_test" tests="2" failures="0" timestamp="17 十二月 2018 07:22:25 GMT" time="2.766" errors="0">
  <testcase name="deleteaddress_success" time="0.210" classname="com.webtest.htmlunit_demo.Post_Delete_test"/>
  <testcase name="deleteaddress_fail" time="2.556" classname="com.webtest.htmlunit_demo.Post_Delete_test"/>
</testsuite> <!-- com.webtest.htmlunit_demo.Post_Delete_test -->
