<?xml version="1.0" encoding="UTF-8"?>
<!-- Generated by org.testng.reporters.JUnitReportReporter -->
<testsuite hostname="LAPTOP-2ICVJNBM" failures="0" tests="1" name="com.webtest.demo.weihuboke1130" time="36.751" errors="0" timestamp="03 12æœˆ 2018 09:06:36 GMT" skipped="0">
  <testcase classname="com.webtest.demo.weihuboke1130" name="boketest" time="36.751"/>
</testsuite> <!-- com.webtest.demo.weihuboke1130 -->
