<?xml version="1.0" encoding="UTF-8"?>
<!-- Generated by org.testng.reporters.JUnitReportReporter -->
<testsuite hostname="LAPTOP-2ICVJNBM" failures="0" tests="1" name="com.webtest.demo.shouce" time="23.474" errors="0" timestamp="28 11æœˆ 2018 06:12:08 GMT" skipped="0">
  <testcase classname="com.webtest.demo.shouce" name="boketest" time="23.474"/>
</testsuite> <!-- com.webtest.demo.shouce -->
