<?xml version="1.0" encoding="UTF-8"?>
<!-- Generated by org.testng.reporters.JUnitReportReporter -->
<testsuite hostname="LAPTOP-2ICVJNBM" failures="0" tests="1" name="com.webtest.demo.bankuaiguanli1203" time="36.740" errors="0" timestamp="03 12æœˆ 2018 09:10:24 GMT" skipped="0">
  <testcase classname="com.webtest.demo.bankuaiguanli1203" name="boketest" time="36.740"/>
</testsuite> <!-- com.webtest.demo.bankuaiguanli1203 -->
