<?xml version="1.0" encoding="UTF-8"?>
<!-- Generated by org.testng.reporters.JUnitReportReporter -->
<testsuite hostname="LAPTOP-2ICVJNBM" failures="0" tests="1" name="com.webtest.demo.gengxinjiansuo1204" time="24.362" errors="0" timestamp="03 12æœˆ 2018 13:51:36 GMT" skipped="0">
  <testcase classname="com.webtest.demo.gengxinjiansuo1204" name="boketest" time="24.362"/>
</testsuite> <!-- com.webtest.demo.gengxinjiansuo1204 -->
