<?xml version="1.0" encoding="UTF-8"?>
<!-- Generated by org.testng.reporters.JUnitReportReporter -->
<testsuite hostname="LAPTOP-2ICVJNBM" failures="0" tests="1" name="com.webtest.demo.lunbotu1204" time="28.625" errors="0" timestamp="05 12æœˆ 2018 06:05:44 GMT" skipped="0">
  <testcase classname="com.webtest.demo.lunbotu1204" name="boketest" time="28.625"/>
</testsuite> <!-- com.webtest.demo.lunbotu1204 -->
