<?xml version="1.0" encoding="UTF-8"?>
<!-- Generated by org.testng.reporters.JUnitReportReporter -->
<testsuite hostname="LAPTOP-2ICVJNBM" failures="0" tests="1" name="com.webtest.demo.faxinshezhi" time="31.817" errors="0" timestamp="30 11æœˆ 2018 02:50:40 GMT" skipped="0">
  <testcase classname="com.webtest.demo.faxinshezhi" name="boketest" time="31.817"/>
</testsuite> <!-- com.webtest.demo.faxinshezhi -->
