<?xml version="1.0" encoding="UTF-8"?>
<!-- Generated by org.testng.reporters.JUnitReportReporter -->
<testsuite hostname="LAPTOP-2ICVJNBM" failures="0" tests="1" name="com.webtest.demo.xiongzhanghao1203" time="33.064" errors="0" timestamp="03 12æœˆ 2018 07:05:24 GMT" skipped="0">
  <testcase classname="com.webtest.demo.xiongzhanghao1203" name="boketest" time="33.064"/>
</testsuite> <!-- com.webtest.demo.xiongzhanghao1203 -->
