<?xml version="1.0" encoding="UTF-8"?>
<!-- Generated by org.testng.reporters.JUnitReportReporter -->
<testsuite skipped="0" hostname="BF-201710220916" name="com.webtest.htmlunit_demo.Get_SkuList_test" tests="5" failures="0" timestamp="17 十二月 2018 06:11:51 GMT" time="6.534" errors="0">
  <testcase name="skulist_success2" time="0.214" classname="com.webtest.htmlunit_demo.Get_SkuList_test"/>
  <testcase name="skulist_success1" time="0.123" classname="com.webtest.htmlunit_demo.Get_SkuList_test"/>
  <testcase name="skulist_fail1" time="4.841" classname="com.webtest.htmlunit_demo.Get_SkuList_test"/>
  <testcase name="skulist_fail2" time="1.169" classname="com.webtest.htmlunit_demo.Get_SkuList_test"/>
  <testcase name="skulist_fail3" time="0.187" classname="com.webtest.htmlunit_demo.Get_SkuList_test"/>
</testsuite> <!-- com.webtest.htmlunit_demo.Get_SkuList_test -->
