<?xml version="1.0" encoding="UTF-8"?>
<!-- Generated by org.testng.reporters.JUnitReportReporter -->
<testsuite skipped="0" hostname="BF-201710220916" name="com.webtest.htmlunit_demo.Post_Submit_test" tests="17" failures="0" timestamp="17 十二月 2018 09:11:09 GMT" time="5.831" errors="0">
  <testcase name="submit_fail6" time="0.210" classname="com.webtest.htmlunit_demo.Post_Submit_test"/>
  <testcase name="submit_fail12" time="0.300" classname="com.webtest.htmlunit_demo.Post_Submit_test"/>
  <testcase name="submit_fail7" time="0.180" classname="com.webtest.htmlunit_demo.Post_Submit_test"/>
  <testcase name="submit_fail9" time="0.209" classname="com.webtest.htmlunit_demo.Post_Submit_test"/>
  <testcase name="submit_fail15" time="0.218" classname="com.webtest.htmlunit_demo.Post_Submit_test"/>
  <testcase name="submit_fail4" time="0.210" classname="com.webtest.htmlunit_demo.Post_Submit_test"/>
  <testcase name="submit_fail8" time="0.183" classname="com.webtest.htmlunit_demo.Post_Submit_test"/>
  <testcase name="submit_success" time="0.190" classname="com.webtest.htmlunit_demo.Post_Submit_test"/>
  <testcase name="submit_fail1" time="2.518" classname="com.webtest.htmlunit_demo.Post_Submit_test"/>
  <testcase name="submit_fail10" time="0.220" classname="com.webtest.htmlunit_demo.Post_Submit_test"/>
  <testcase name="submit_fail3" time="0.207" classname="com.webtest.htmlunit_demo.Post_Submit_test"/>
  <testcase name="submit_fail16" time="0.190" classname="com.webtest.htmlunit_demo.Post_Submit_test"/>
  <testcase name="submit_fail2" time="0.200" classname="com.webtest.htmlunit_demo.Post_Submit_test"/>
  <testcase name="submit_fail14" time="0.200" classname="com.webtest.htmlunit_demo.Post_Submit_test"/>
  <testcase name="submit_fail5" time="0.180" classname="com.webtest.htmlunit_demo.Post_Submit_test"/>
  <testcase name="submit_fail13" time="0.186" classname="com.webtest.htmlunit_demo.Post_Submit_test"/>
  <testcase name="submit_fail11" time="0.230" classname="com.webtest.htmlunit_demo.Post_Submit_test"/>
</testsuite> <!-- com.webtest.htmlunit_demo.Post_Submit_test -->
