<?xml version="1.0" encoding="UTF-8"?>
<!-- Generated by org.testng.reporters.JUnitReportReporter -->
<testsuite skipped="0" hostname="BF-201710220916" name="com.webtest.htmlunit_demo.Post_Login_test" tests="10" failures="0" timestamp="14 十二月 2018 03:13:04 GMT" time="12.762" errors="0">
  <testcase name="login_fail1" time="2.666" classname="com.webtest.htmlunit_demo.Post_Login_test"/>
  <testcase name="login_fail8" time="0.220" classname="com.webtest.htmlunit_demo.Post_Login_test"/>
  <testcase name="login_fail2" time="0.120" classname="com.webtest.htmlunit_demo.Post_Login_test"/>
  <testcase name="login_fail4" time="0.110" classname="com.webtest.htmlunit_demo.Post_Login_test"/>
  <testcase name="login_fail3" time="0.110" classname="com.webtest.htmlunit_demo.Post_Login_test"/>
  <testcase name="login_fail7" time="9.114" classname="com.webtest.htmlunit_demo.Post_Login_test"/>
  <testcase name="login_fail9" time="0.120" classname="com.webtest.htmlunit_demo.Post_Login_test"/>
  <testcase name="login_fail6" time="0.110" classname="com.webtest.htmlunit_demo.Post_Login_test"/>
  <testcase name="login_fail5" time="0.100" classname="com.webtest.htmlunit_demo.Post_Login_test"/>
  <testcase name="login_success" time="0.092" classname="com.webtest.htmlunit_demo.Post_Login_test"/>
</testsuite> <!-- com.webtest.htmlunit_demo.Post_Login_test -->
