<?xml version="1.0" encoding="UTF-8"?>
<!-- Generated by org.testng.reporters.JUnitReportReporter -->
<testsuite skipped="0" hostname="BF-201710220916" name="com.webtest.htmlunit_demo.Scene2" tests="4" failures="0" timestamp="17 十二月 2018 08:48:28 GMT" time="3.218" errors="0">
  <testcase name="login" time="2.894" classname="com.webtest.htmlunit_demo.Scene2"/>
  <testcase name="address_list" time="0.104" classname="com.webtest.htmlunit_demo.Scene2"/>
  <testcase name="transportfee" time="0.100" classname="com.webtest.htmlunit_demo.Scene2"/>
  <testcase name="submit" time="0.120" classname="com.webtest.htmlunit_demo.Scene2"/>
</testsuite> <!-- com.webtest.htmlunit_demo.Scene2 -->
