<?xml version="1.0" encoding="UTF-8"?>
<!-- Generated by org.testng.reporters.JUnitReportReporter -->
<testsuite skipped="0" hostname="BF-201710220916" name="com.webtest.htmlunit_demo.Get_Address_list_test" tests="1" failures="0" timestamp="14 十二月 2018 02:35:08 GMT" time="2.606" errors="0">
  <testcase name="address_list" time="2.606" classname="com.webtest.htmlunit_demo.Get_Address_list_test"/>
</testsuite> <!-- com.webtest.htmlunit_demo.Get_Address_list_test -->
