<?xml version="1.0" encoding="UTF-8"?>
<!-- Generated by org.testng.reporters.JUnitReportReporter -->
<testsuite hostname="DESKTOP-9446LLP" failures="0" tests="1" name="com.edu.test.Login" time="1.592" errors="0" timestamp="19 12æœˆ 2018 05:58:03 GMT" skipped="0">
  <testcase classname="com.edu.test.Login" name="TestLogin1" time="1.592"/>
</testsuite> <!-- com.edu.test.Login -->
