<?xml version="1.0" encoding="UTF-8"?>
<!-- Generated by org.testng.reporters.JUnitReportReporter -->
<testsuite hostname="DESKTOP-9446LLP" failures="0" tests="1" name="com.edu.test.SkuList" time="1.410" errors="0" timestamp="19 12æœˆ 2018 05:58:47 GMT" skipped="0">
  <testcase classname="com.edu.test.SkuList" name="TestSkuList1" time="1.410"/>
</testsuite> <!-- com.edu.test.SkuList -->
