<?xml version="1.0" encoding="UTF-8"?>
<!-- Generated by org.testng.reporters.JUnitReportReporter -->
<testsuite hostname="DESKTOP-9446LLP" failures="0" tests="1" name="com.edu.test.AddAddress" time="1.601" errors="0" timestamp="19 12æœˆ 2018 06:20:20 GMT" skipped="0">
  <testcase classname="com.edu.test.AddAddress" name="TestAdd1" time="1.601"/>
</testsuite> <!-- com.edu.test.AddAddress -->
