<?xml version="1.0" encoding="UTF-8"?>
<!-- Generated by org.testng.reporters.JUnitReportReporter -->
<testsuite hostname="魑魅魍魉魅鬼" failures="0" tests="4" name="com.edu.interfacetest.HttpclientTestDemo1" time="1.128" errors="0" timestamp="21 12月 2018 00:44:44 GMT" skipped="0">
  <testcase classname="com.edu.interfacetest.HttpclientTestDemo1" name="TestSkuList1" time="0.659"/>
  <testcase classname="com.edu.interfacetest.HttpclientTestDemo1" name="TestSkuList4" time="0.094"/>
  <testcase classname="com.edu.interfacetest.HttpclientTestDemo1" name="TestSkuList3" time="0.109"/>
  <testcase classname="com.edu.interfacetest.HttpclientTestDemo1" name="TestSkuList2" time="0.266"/>
</testsuite> <!-- com.edu.interfacetest.HttpclientTestDemo1 -->
