<?xml version="1.0" encoding="UTF-8"?>
<!-- Generated by org.testng.reporters.JUnitReportReporter -->
<testsuite hostname="魑魅魍魉魅鬼" failures="0" tests="1" name="com.edu.test.HttpclientTestDemo2" time="0.607" errors="0" timestamp="18 12月 2018 09:34:28 GMT" skipped="0">
  <testcase classname="com.edu.test.HttpclientTestDemo2" name="login" time="0.607"/>
</testsuite> <!-- com.edu.test.HttpclientTestDemo2 -->
