<?xml version="1.0" encoding="UTF-8"?>
<!-- Generated by org.testng.reporters.JUnitReportReporter -->
<testsuite hostname="魑魅魍魉魅鬼" failures="0" tests="4" name="com.edu.interfacetest.HttpclientTestDemo2" time="1.267" errors="0" timestamp="21 12月 2018 00:47:31 GMT" skipped="0">
  <testcase classname="com.edu.interfacetest.HttpclientTestDemo2" name="getTransportFee" time="0.359"/>
  <testcase classname="com.edu.interfacetest.HttpclientTestDemo2" name="submitOrder" time="0.078"/>
  <testcase classname="com.edu.interfacetest.HttpclientTestDemo2" name="getAddress" time="0.063"/>
  <testcase classname="com.edu.interfacetest.HttpclientTestDemo2" name="login" time="0.767"/>
</testsuite> <!-- com.edu.interfacetest.HttpclientTestDemo2 -->
