<?xml version="1.0" encoding="UTF-8"?>
<!-- Generated by org.testng.reporters.JUnitReportReporter -->
<testsuite hostname="魑魅魍魉魅鬼" failures="0" tests="3" name="com.edu.interfacetest.DeleteAddress" time="1.055" errors="0" timestamp="21 12月 2018 00:13:35 GMT" skipped="0">
  <testcase classname="com.edu.interfacetest.DeleteAddress" name="TestDelete1" time="0.749"/>
  <testcase classname="com.edu.interfacetest.DeleteAddress" name="TestDelete2" time="0.158"/>
  <testcase classname="com.edu.interfacetest.DeleteAddress" name="TestDelete3" time="0.148"/>
</testsuite> <!-- com.edu.interfacetest.DeleteAddress -->
