<?xml version="1.0" encoding="UTF-8"?>
<!-- Generated by org.testng.reporters.JUnitReportReporter -->
<testsuite hostname="魑魅魍魉魅鬼" failures="0" tests="1" name="com.edu.interfacetest.GetAddress" time="0.731" errors="0" timestamp="21 12月 2018 00:15:56 GMT" skipped="0">
  <testcase classname="com.edu.interfacetest.GetAddress" name="getAddress1" time="0.731"/>
</testsuite> <!-- com.edu.interfacetest.GetAddress -->
