<?xml version="1.0" encoding="UTF-8"?>
<!-- Generated by org.testng.reporters.JUnitReportReporter -->
<testsuite hostname="魑魅魍魉魅鬼" failures="0" tests="1" name="com.edu.test.SkuListTest" time="1.089" errors="0" timestamp="18 12月 2018 07:03:19 GMT" skipped="0">
  <testcase classname="com.edu.test.SkuListTest" name="TestSkuListByWrongIdType" time="1.089"/>
</testsuite> <!-- com.edu.test.SkuListTest -->
