<?xml version="1.0" encoding="UTF-8"?>
<!-- Generated by org.testng.reporters.JUnitReportReporter -->
<testsuite hostname="魑魅魍魉魅鬼" failures="0" tests="23" name="com.edu.interfacetest.AddAddress" time="5.167" errors="0" timestamp="21 12月 2018 00:11:54 GMT" skipped="0">
  <testcase classname="com.edu.interfacetest.AddAddress" name="TestAdd18" time="0.196"/>
  <testcase classname="com.edu.interfacetest.AddAddress" name="TestAdd3" time="0.157"/>
  <testcase classname="com.edu.interfacetest.AddAddress" name="TestAdd9" time="0.166"/>
  <testcase classname="com.edu.interfacetest.AddAddress" name="TestAdd12" time="0.201"/>
  <testcase classname="com.edu.interfacetest.AddAddress" name="TestAdd8" time="0.188"/>
  <testcase classname="com.edu.interfacetest.AddAddress" name="TestAdd20" time="0.198"/>
  <testcase classname="com.edu.interfacetest.AddAddress" name="TestAdd11" time="0.185"/>
  <testcase classname="com.edu.interfacetest.AddAddress" name="TestAdd1" time="1.147"/>
  <testcase classname="com.edu.interfacetest.AddAddress" name="TestAdd19" time="0.253"/>
  <testcase classname="com.edu.interfacetest.AddAddress" name="TestAdd6" time="0.181"/>
  <testcase classname="com.edu.interfacetest.AddAddress" name="TestAdd7" time="0.163"/>
  <testcase classname="com.edu.interfacetest.AddAddress" name="TestAdd15" time="0.200"/>
  <testcase classname="com.edu.interfacetest.AddAddress" name="TestAdd2" time="0.182"/>
  <testcase classname="com.edu.interfacetest.AddAddress" name="TestAdd22" time="0.162"/>
  <testcase classname="com.edu.interfacetest.AddAddress" name="TestAdd4" time="0.078"/>
  <testcase classname="com.edu.interfacetest.AddAddress" name="TestAdd5" time="0.164"/>
  <testcase classname="com.edu.interfacetest.AddAddress" name="TestAdd14" time="0.197"/>
  <testcase classname="com.edu.interfacetest.AddAddress" name="TestAdd16" time="0.217"/>
  <testcase classname="com.edu.interfacetest.AddAddress" name="TestAdd10" time="0.199"/>
  <testcase classname="com.edu.interfacetest.AddAddress" name="TestAdd17" time="0.221"/>
  <testcase classname="com.edu.interfacetest.AddAddress" name="TestAdd21" time="0.165"/>
  <testcase classname="com.edu.interfacetest.AddAddress" name="TestAdd13" time="0.169"/>
  <testcase classname="com.edu.interfacetest.AddAddress" name="TestAdd23" time="0.178"/>
</testsuite> <!-- com.edu.interfacetest.AddAddress -->
