<?xml version="1.0" encoding="UTF-8"?>
<!-- Generated by org.testng.reporters.JUnitReportReporter -->
<testsuite hostname="魑魅魍魉魅鬼" failures="0" tests="1" name="com.edu.test.AddressTest" time="0.749" errors="0" timestamp="18 12月 2018 06:39:52 GMT" skipped="0">
  <testcase classname="com.edu.test.AddressTest" name="addAdress_fail" time="0.749"/>
</testsuite> <!-- com.edu.test.AddressTest -->
