<?xml version="1.0" encoding="UTF-8"?>
<!-- Generated by org.testng.reporters.JUnitReportReporter -->
<testsuite hostname="魑魅魍魉魅鬼" failures="0" tests="5" name="com.edu.interfacetest.HttpclientTestDemo5" time="0.896" errors="0" timestamp="21 12月 2018 00:55:08 GMT" skipped="0">
  <testcase classname="com.edu.interfacetest.HttpclientTestDemo5" name="addAddress" time="0.063"/>
  <testcase classname="com.edu.interfacetest.HttpclientTestDemo5" name="getAddress" time="0.046"/>
  <testcase classname="com.edu.interfacetest.HttpclientTestDemo5" name="getTransportFee" time="0.125"/>
  <testcase classname="com.edu.interfacetest.HttpclientTestDemo5" name="submitOrder" time="0.078"/>
  <testcase classname="com.edu.interfacetest.HttpclientTestDemo5" name="login" time="0.584"/>
</testsuite> <!-- com.edu.interfacetest.HttpclientTestDemo5 -->
