<?xml version="1.0" encoding="UTF-8"?>
<!-- Generated by org.testng.reporters.JUnitReportReporter -->
<testsuite hostname="DESKTOP-9446LLP" failures="0" tests="1" name="com.webtest.demo.SetDesignThumbnail" time="22.382" errors="0" timestamp="03 12æœˆ 2018 07:32:28 GMT" skipped="0">
  <testcase classname="com.webtest.demo.SetDesignThumbnail" name="setDesignThumbmail" time="22.382"/>
</testsuite> <!-- com.webtest.demo.SetDesignThumbnail -->
