<?xml version="1.0" encoding="UTF-8"?>
<!-- Generated by org.testng.reporters.JUnitReportReporter -->
<testsuite hostname="DESKTOP-9446LLP" failures="0" tests="1" name="com.webtest.demo.AddSecuritycode" time="18.630" errors="0" timestamp="30 11æœˆ 2018 00:35:14 GMT" skipped="0">
  <testcase classname="com.webtest.demo.AddSecuritycode" name="addscode" time="18.630"/>
</testsuite> <!-- com.webtest.demo.AddSecuritycode -->
