<?xml version="1.0" encoding="UTF-8"?>
<!-- Generated by org.testng.reporters.JUnitReportReporter -->
<testsuite hostname="DESKTOP-9446LLP" failures="0" tests="1" name="com.webtest.demo.SetAdministrator" time="26.579" errors="0" timestamp="04 12æœˆ 2018 06:23:23 GMT" skipped="0">
  <testcase classname="com.webtest.demo.SetAdministrator" name="setAdmin" time="26.579"/>
</testsuite> <!-- com.webtest.demo.SetAdministrator -->
