<?xml version="1.0" encoding="UTF-8"?>
<!-- Generated by org.testng.reporters.JUnitReportReporter -->
<testsuite hostname="DESKTOP-9446LLP" failures="0" tests="1" name="com.webtest.demo.AddEssayclass" time="14.651" errors="0" timestamp="27 11æœˆ 2018 08:12:14 GMT" skipped="0">
  <testcase classname="com.webtest.demo.AddEssayclass" name="addclass" time="14.651"/>
</testsuite> <!-- com.webtest.demo.AddEssayclass -->
