<?xml version="1.0" encoding="UTF-8"?>
<!-- Generated by org.testng.reporters.JUnitReportReporter -->
<testsuite hostname="DESKTOP-9446LLP" failures="0" tests="1" name="com.webtest.demo.SetCache" time="25.104" errors="0" timestamp="04 12æœˆ 2018 06:37:11 GMT" skipped="0">
  <testcase classname="com.webtest.demo.SetCache" name="setCache" time="25.104"/>
</testsuite> <!-- com.webtest.demo.SetCache -->
