<?xml version="1.0" encoding="UTF-8"?>
<!-- Generated by org.testng.reporters.JUnitReportReporter -->
<testsuite hostname="DESKTOP-9446LLP" failures="0" tests="1" name="com.webtest.demo.AddBlacklist" time="26.525" errors="0" timestamp="30 11æœˆ 2018 00:21:41 GMT" skipped="0">
  <testcase classname="com.webtest.demo.AddBlacklist" name="addblist" time="26.525"/>
</testsuite> <!-- com.webtest.demo.AddBlacklist -->
