<?xml version="1.0" encoding="UTF-8"?>
<!-- Generated by org.testng.reporters.JUnitReportReporter -->
<testsuite hostname="DESKTOP-9446LLP" failures="0" tests="1" name="com.webtest.demo.SettingUp" time="28.533" errors="0" timestamp="30 11æœˆ 2018 03:03:16 GMT" skipped="0">
  <testcase classname="com.webtest.demo.SettingUp" name="settingUp" time="28.533"/>
</testsuite> <!-- com.webtest.demo.SettingUp -->
