<?xml version="1.0" encoding="UTF-8"?>
<!-- Generated by org.testng.reporters.JUnitReportReporter -->
<testsuite hostname="DESKTOP-9446LLP" failures="0" tests="1" name="com.webtest.demo.AddFilesupload" time="21.736" errors="0" timestamp="30 11æœˆ 2018 00:45:47 GMT" skipped="0">
  <testcase classname="com.webtest.demo.AddFilesupload" name="addfupload" time="21.736"/>
</testsuite> <!-- com.webtest.demo.AddFilesupload -->
