<?xml version="1.0" encoding="UTF-8"?>
<!-- Generated by org.testng.reporters.JUnitReportReporter -->
<testsuite hostname="DESKTOP-9446LLP" failures="0" tests="1" name="com.webtest.demo.AddSetting" time="23.805" errors="0" timestamp="30 11æœˆ 2018 02:29:20 GMT" skipped="0">
  <testcase classname="com.webtest.demo.AddSetting" name="addset" time="23.805"/>
</testsuite> <!-- com.webtest.demo.AddSetting -->
