<?xml version="1.0" encoding="UTF-8"?>
<!-- Generated by org.testng.reporters.JUnitReportReporter -->
<testsuite hostname="DESKTOP-9446LLP" failures="0" tests="1" name="com.webtest.demo.MaintainClass" time="19.252" errors="0" timestamp="30 11æœˆ 2018 02:37:02 GMT" skipped="0">
  <testcase classname="com.webtest.demo.MaintainClass" name="maintanClass" time="19.252"/>
</testsuite> <!-- com.webtest.demo.MaintainClass -->
