<?xml version="1.0" encoding="UTF-8"?>
<!-- Generated by org.testng.reporters.JUnitReportReporter -->
<testsuite hostname="DESKTOP-9446LLP" failures="0" tests="1" name="com.webtest.demo.AddWhitelist" time="18.496" errors="0" timestamp="30 11æœˆ 2018 00:29:33 GMT" skipped="0">
  <testcase classname="com.webtest.demo.AddWhitelist" name="addWlist" time="18.496"/>
</testsuite> <!-- com.webtest.demo.AddWhitelist -->
