<?xml version="1.0" encoding="UTF-8"?>
<!-- Generated by org.testng.reporters.JUnitReportReporter -->
<testsuite hostname="DESKTOP-9446LLP" failures="0" tests="1" name="com.webtest.demo.SetDomainName" time="22.604" errors="0" timestamp="04 12æœˆ 2018 06:40:33 GMT" skipped="0">
  <testcase classname="com.webtest.demo.SetDomainName" name="setCache" time="22.604"/>
</testsuite> <!-- com.webtest.demo.SetDomainName -->
