<?xml version="1.0" encoding="UTF-8"?>
<!-- Generated by org.testng.reporters.JUnitReportReporter -->
<testsuite hostname="DESKTOP-9446LLP" failures="0" tests="1" name="com.webtest.demo.SetFlowStatistics" time="18.841" errors="0" timestamp="04 12æœˆ 2018 06:08:15 GMT" skipped="0">
  <testcase classname="com.webtest.demo.SetFlowStatistics" name="setFlow" time="18.841"/>
</testsuite> <!-- com.webtest.demo.SetFlowStatistics -->
