<?xml version="1.0" encoding="UTF-8"?>
<!-- Generated by org.testng.reporters.JUnitReportReporter -->
<testsuite hostname="DESKTOP-9446LLP" failures="0" tests="1" name="com.webtest.demo.AddCompanyMessage" time="28.638" errors="0" timestamp="10 12æœˆ 2018 06:36:16 GMT" skipped="0">
  <testcase classname="com.webtest.demo.AddCompanyMessage" name="addMessage" time="28.638"/>
</testsuite> <!-- com.webtest.demo.AddCompanyMessage -->
