<?xml version="1.0" encoding="UTF-8"?>
<!-- Generated by org.testng.reporters.JUnitReportReporter -->
<testsuite hostname="DESKTOP-9446LLP" failures="0" tests="1" name="com.webtest.demo.SetAddressType" time="21.833" errors="0" timestamp="04 12æœˆ 2018 06:13:01 GMT" skipped="0">
  <testcase classname="com.webtest.demo.SetAddressType" name="setFlow" time="21.833"/>
</testsuite> <!-- com.webtest.demo.SetAddressType -->
