<?xml version="1.0" encoding="UTF-8"?>
<!-- Generated by org.testng.reporters.JUnitReportReporter -->
<testsuite hostname="DESKTOP-9446LLP" failures="0" tests="1" name="com.webtest.demo.AddStyle" time="26.948" errors="0" timestamp="03 12æœˆ 2018 06:55:21 GMT" skipped="0">
  <testcase classname="com.webtest.demo.AddStyle" name="addStyle" time="26.948"/>
</testsuite> <!-- com.webtest.demo.AddStyle -->
