<?xml version="1.0" encoding="UTF-8"?>
<!-- Generated by org.testng.reporters.JUnitReportReporter -->
<testsuite hostname="DESKTOP-9446LLP" failures="0" tests="1" name="com.webtest.demo.SetSecurity" time="48.414" errors="0" timestamp="04 12æœˆ 2018 06:30:53 GMT" skipped="0">
  <testcase classname="com.webtest.demo.SetSecurity" name="setSecurity" time="48.414"/>
</testsuite> <!-- com.webtest.demo.SetSecurity -->
