<?xml version="1.0" encoding="UTF-8"?>
<!-- Generated by org.testng.reporters.JUnitReportReporter -->
<testsuite hostname="DESKTOP-9446LLP" failures="0" tests="1" name="com.webtest.demo.AddEssay" time="33.430" errors="0" timestamp="28 11æœˆ 2018 09:57:49 GMT" skipped="0">
  <testcase classname="com.webtest.demo.AddEssay" name="adde" time="33.430"/>
</testsuite> <!-- com.webtest.demo.AddEssay -->
