<?xml version="1.0" encoding="UTF-8"?>
<!-- Generated by org.testng.reporters.JUnitReportReporter -->
<testsuite hostname="DESKTOP-9446LLP" failures="0" tests="1" name="com.webtest.demo.SetDesignList" time="27.706" errors="0" timestamp="05 12æœˆ 2018 07:09:45 GMT" skipped="0">
  <testcase classname="com.webtest.demo.SetDesignList" name="setDesignList" time="27.706"/>
</testsuite> <!-- com.webtest.demo.SetDesignList -->
