<?xml version="1.0" encoding="UTF-8"?>
<!-- Generated by org.testng.reporters.JUnitReportReporter -->
<testsuite hostname="DESKTOP-9446LLP" failures="0" tests="1" name="com.webtest.demo.AddScoreRule" time="22.697" errors="0" timestamp="28 11æœˆ 2018 10:17:17 GMT" skipped="0">
  <testcase classname="com.webtest.demo.AddScoreRule" name="addRule" time="22.697"/>
</testsuite> <!-- com.webtest.demo.AddScoreRule -->
