<?xml version="1.0" encoding="UTF-8"?>
<!-- Generated by org.testng.reporters.JUnitReportReporter -->
<testsuite hostname="DESKTOP-9446LLP" failures="0" tests="1" name="com.webtest.demo.AddForm" time="32.279" errors="0" timestamp="28 11æœˆ 2018 10:02:39 GMT" skipped="0">
  <testcase classname="com.webtest.demo.AddForm" name="addform" time="32.279"/>
</testsuite> <!-- com.webtest.demo.AddForm -->
