<?xml version="1.0" encoding="UTF-8"?>
<!-- Generated by org.testng.reporters.JUnitReportReporter -->
<testsuite hostname="DESKTOP-9446LLP" failures="0" tests="1" name="com.webtest.demo.Expressage" time="21.888" errors="0" timestamp="03 12æœˆ 2018 06:10:42 GMT" skipped="0">
  <testcase classname="com.webtest.demo.Expressage" name="expressage" time="21.888"/>
</testsuite> <!-- com.webtest.demo.Expressage -->
