<?xml version="1.0" encoding="UTF-8"?>
<!-- Generated by org.testng.reporters.JUnitReportReporter -->
<testsuite hostname="DESKTOP-9446LLP" failures="0" tests="1" name="com.webtest.demo.AddCompanyAddress" time="26.381" errors="0" timestamp="28 11æœˆ 2018 10:15:29 GMT" skipped="0">
  <testcase classname="com.webtest.demo.AddCompanyAddress" name="addAddress" time="26.381"/>
</testsuite> <!-- com.webtest.demo.AddCompanyAddress -->
