<?xml version="1.0" encoding="UTF-8"?>
<!-- Generated by org.testng.reporters.JUnitReportReporter -->
<testsuite skipped="0" hostname="BF-201710220916" name="com.webtest.demo.Add_Product" tests="1" failures="0" timestamp="28 十一月 2018 07:54:39 GMT" time="69.967" errors="0">
  <testcase name="addProduce" time="69.967" classname="com.webtest.demo.Add_Product"/>
</testsuite> <!-- com.webtest.demo.Add_Product -->
