<?xml version="1.0" encoding="UTF-8"?>
<!-- Generated by org.testng.reporters.JUnitReportReporter -->
<testsuite hostname="LAPTOP-2ICVJNBM" failures="0" tests="1" name="com.webtest.demo.login" time="10.374" errors="0" timestamp="27 11æœˆ 2018 08:25:33 GMT" skipped="0">
  <testcase classname="com.webtest.demo.login" name="logintest" time="10.374"/>
</testsuite> <!-- com.webtest.demo.login -->
