<?xml version="1.0" encoding="UTF-8"?>
<!-- Generated by org.testng.reporters.JUnitReportReporter -->
<testsuite hostname="LAPTOP-2ICVJNBM" failures="0" tests="1" name="com.webtest.demo.tianjianeirong1203" time="30.991" errors="0" timestamp="03 12æœˆ 2018 07:10:52 GMT" skipped="0">
  <testcase classname="com.webtest.demo.tianjianeirong1203" name="boketest" time="30.991"/>
</testsuite> <!-- com.webtest.demo.tianjianeirong1203 -->
