<?xml version="1.0" encoding="UTF-8"?>
<!-- Generated by org.testng.reporters.JUnitReportReporter -->
<testsuite hostname="LAPTOP-2ICVJNBM" failures="0" tests="1" name="com.webtest.demo.boke" time="32.713" errors="0" timestamp="28 11æœˆ 2018 05:58:14 GMT" skipped="0">
  <testcase classname="com.webtest.demo.boke" name="boketest" time="32.713"/>
</testsuite> <!-- com.webtest.demo.boke -->
