<?xml version="1.0" encoding="UTF-8"?>
<!-- Generated by org.testng.reporters.JUnitReportReporter -->
<testsuite skipped="0" hostname="BF-201710220916" name="com.webtest.demo.New_Group" tests="1" failures="0" timestamp="28 十一月 2018 06:56:03 GMT" time="29.103" errors="0">
  <testcase name="newGroup" time="29.103" classname="com.webtest.demo.New_Group"/>
</testsuite> <!-- com.webtest.demo.New_Group -->
