<?xml version="1.0" encoding="UTF-8"?>
<!-- Generated by org.testng.reporters.JUnitReportReporter -->
<testsuite hostname="LAPTOP-2ICVJNBM" failures="0" tests="1" name="com.webtest.demo.zhandianshezhi1204" time="31.047" errors="0" timestamp="04 12æœˆ 2018 06:15:44 GMT" skipped="0">
  <testcase classname="com.webtest.demo.zhandianshezhi1204" name="boketest" time="31.047"/>
</testsuite> <!-- com.webtest.demo.zhandianshezhi1204 -->
