<?xml version="1.0" encoding="UTF-8"?>
<!-- Generated by org.testng.reporters.JUnitReportReporter -->
<testsuite hostname="LAPTOP-2ICVJNBM" failures="0" tests="1" name="com.webtest.demo.guanjianci1205" time="23.646" errors="0" timestamp="05 12æœˆ 2018 06:27:03 GMT" skipped="0">
  <testcase classname="com.webtest.demo.guanjianci1205" name="boketest" time="23.646"/>
</testsuite> <!-- com.webtest.demo.guanjianci1205 -->
