<?xml version="1.0" encoding="UTF-8"?>
<!-- Generated by org.testng.reporters.JUnitReportReporter -->
<testsuite skipped="0" hostname="BF-201710220916" name="com.webtest.demo.Add_Interface" tests="1" failures="0" timestamp="28 十一月 2018 07:04:29 GMT" time="34.936" errors="0">
  <testcase name="addInterface" time="34.936" classname="com.webtest.demo.Add_Interface"/>
</testsuite> <!-- com.webtest.demo.Add_Interface -->
