<?xml version="1.0" encoding="UTF-8"?>
<!-- Generated by org.testng.reporters.JUnitReportReporter -->
<testsuite hostname="LAPTOP-2ICVJNBM" failures="0" tests="1" name="com.webtest.demo.jifenjiesuan" time="24.521" errors="0" timestamp="28 11æœˆ 2018 07:59:58 GMT" skipped="0">
  <testcase classname="com.webtest.demo.jifenjiesuan" name="boketest" time="24.521"/>
</testsuite> <!-- com.webtest.demo.jifenjiesuan -->
