<?xml version="1.0" encoding="UTF-8"?>
<!-- Generated by org.testng.reporters.JUnitReportReporter -->
<testsuite hostname="LAPTOP-2ICVJNBM" failures="0" tests="1" name="com.webtest.demo.cdnshezhi1205" time="28.582" errors="0" timestamp="05 12æœˆ 2018 05:53:01 GMT" skipped="0">
  <testcase classname="com.webtest.demo.cdnshezhi1205" name="boketest" time="28.582"/>
</testsuite> <!-- com.webtest.demo.cdnshezhi1205 -->
