<?xml version="1.0" encoding="UTF-8"?>
<!-- Generated by org.testng.reporters.JUnitReportReporter -->
<testsuite hostname="LAPTOP-2ICVJNBM" failures="0" tests="1" name="com.webtest.demo.yumingshezhi11130" time="25.535" errors="0" timestamp="02 12æœˆ 2018 10:18:35 GMT" skipped="0">
  <testcase classname="com.webtest.demo.yumingshezhi11130" name="boketest" time="25.535"/>
</testsuite> <!-- com.webtest.demo.yumingshezhi11130 -->
