<?xml version="1.0" encoding="UTF-8"?>
<!-- Generated by org.testng.reporters.JUnitReportReporter -->
<testsuite hostname="LAPTOP-2ICVJNBM" failures="0" tests="1" name="com.webtest.demo.xinzenfenzu1130" time="34.876" errors="0" timestamp="02 12æœˆ 2018 10:14:06 GMT" skipped="0">
  <testcase classname="com.webtest.demo.xinzenfenzu1130" name="boketest" time="34.876"/>
</testsuite> <!-- com.webtest.demo.xinzenfenzu1130 -->
