<?xml version="1.0" encoding="UTF-8"?>
<!-- Generated by org.testng.reporters.JUnitReportReporter -->
<testsuite skipped="0" hostname="BF-201710220916" name="com.webtest.demo.Publish_Blog" tests="1" failures="0" timestamp="28 十一月 2018 07:16:20 GMT" time="61.238" errors="0">
  <testcase name="publishBlog" time="61.238" classname="com.webtest.demo.Publish_Blog"/>
</testsuite> <!-- com.webtest.demo.Publish_Blog -->
