<?xml version="1.0" encoding="UTF-8"?>
<!-- Generated by org.testng.reporters.JUnitReportReporter -->
<testsuite hostname="LAPTOP-2ICVJNBM" failures="0" tests="1" name="com.webtest.demo.yuyanshezhi1205" time="24.147" errors="0" timestamp="05 12æœˆ 2018 05:53:42 GMT" skipped="0">
  <testcase classname="com.webtest.demo.yuyanshezhi1205" name="boketest" time="24.147"/>
</testsuite> <!-- com.webtest.demo.yuyanshezhi1205 -->
