<?xml version="1.0" encoding="UTF-8"?>
<!-- Generated by org.testng.reporters.JUnitReportReporter -->
<testsuite skipped="0" hostname="BF-201710220916" name="com.webtest.demo.Front_Login" tests="1" failures="0" timestamp="27 十一月 2018 06:47:26 GMT" time="10.125" errors="0">
  <testcase name="frontLogin" time="10.125" classname="com.webtest.demo.Front_Login"/>
</testsuite> <!-- com.webtest.demo.Front_Login -->
