<?xml version="1.0" encoding="UTF-8"?>
<!-- Generated by org.testng.reporters.JUnitReportReporter -->
<testsuite hostname="LAPTOP-2ICVJNBM" failures="0" tests="1" name="com.webtest.demo.youqinglianjie1203" time="34.070" errors="0" timestamp="02 12æœˆ 2018 11:25:25 GMT" skipped="0">
  <testcase classname="com.webtest.demo.youqinglianjie1203" name="boketest" time="34.070"/>
</testsuite> <!-- com.webtest.demo.youqinglianjie1203 -->
