<?xml version="1.0" encoding="UTF-8"?>
<!-- Generated by org.testng.reporters.JUnitReportReporter -->
<testsuite skipped="0" hostname="BF-201710220916" name="com.webtest.demo.Back_Login" tests="1" failures="0" timestamp="27 十一月 2018 08:09:34 GMT" time="9.098" errors="0">
  <testcase name="backLogin" time="9.098" classname="com.webtest.demo.Back_Login"/>
</testsuite> <!-- com.webtest.demo.Back_Login -->
