<?xml version="1.0" encoding="UTF-8"?>
<!-- Generated by org.testng.reporters.JUnitReportReporter -->
<testsuite hostname="LAPTOP-2ICVJNBM" failures="0" tests="1" name="com.webtest.demo.weihuwenzhan1130" time="32.009" errors="0" timestamp="03 12æœˆ 2018 09:04:45 GMT" skipped="0">
  <testcase classname="com.webtest.demo.weihuwenzhan1130" name="boketest" time="32.009"/>
</testsuite> <!-- com.webtest.demo.weihuwenzhan1130 -->
