<?xml version="1.0" encoding="UTF-8"?>
<!-- Generated by org.testng.reporters.JUnitReportReporter -->
<testsuite skipped="0" hostname="BF-201710220916" name="com.webtest.demo.Add_Mailbox" tests="1" failures="0" timestamp="28 十一月 2018 07:11:47 GMT" time="41.112" errors="0">
  <testcase name="addInterface" time="41.112" classname="com.webtest.demo.Add_Mailbox"/>
</testsuite> <!-- com.webtest.demo.Add_Mailbox -->
