<?xml version="1.0" encoding="UTF-8"?>
<!-- Generated by org.testng.reporters.JUnitReportReporter -->
<testsuite skipped="0" hostname="BF-201710220916" name="com.webtest.htmlunit_demo.Get_TransportFee_test" tests="5" failures="0" timestamp="17 十二月 2018 07:40:50 GMT" time="2.741" errors="0">
  <testcase name="transportfee_success" time="0.100" classname="com.webtest.htmlunit_demo.Get_TransportFee_test"/>
  <testcase name="transportfee_fail4" time="0.090" classname="com.webtest.htmlunit_demo.Get_TransportFee_test"/>
  <testcase name="transportfee_fail1" time="2.300" classname="com.webtest.htmlunit_demo.Get_TransportFee_test"/>
  <testcase name="transportfee_fail2" time="0.121" classname="com.webtest.htmlunit_demo.Get_TransportFee_test"/>
  <testcase name="transportfee_fail3" time="0.130" classname="com.webtest.htmlunit_demo.Get_TransportFee_test"/>
</testsuite> <!-- com.webtest.htmlunit_demo.Get_TransportFee_test -->
