<?xml version="1.0" encoding="UTF-8"?>
<!-- Generated by org.testng.reporters.JUnitReportReporter -->
<testsuite skipped="0" hostname="BF-201710220916" name="com.webtest.htmlunit_demo.Post_Address_new_test" tests="24" failures="0" timestamp="17 十二月 2018 06:52:27 GMT" time="7.678" errors="0">
  <testcase name="addAdress_fail2" time="0.210" classname="com.webtest.htmlunit_demo.Post_Address_new_test"/>
  <testcase name="addAdress_fail11" time="0.290" classname="com.webtest.htmlunit_demo.Post_Address_new_test"/>
  <testcase name="addAdress_fail20" time="0.180" classname="com.webtest.htmlunit_demo.Post_Address_new_test"/>
  <testcase name="addAdress_fail5" time="0.200" classname="com.webtest.htmlunit_demo.Post_Address_new_test"/>
  <testcase name="addAdress_fail3" time="0.230" classname="com.webtest.htmlunit_demo.Post_Address_new_test"/>
  <testcase name="addAdress_fail14" time="0.198" classname="com.webtest.htmlunit_demo.Post_Address_new_test"/>
  <testcase name="addAdress_fail9" time="0.210" classname="com.webtest.htmlunit_demo.Post_Address_new_test"/>
  <testcase name="addAdress_success2" time="0.180" classname="com.webtest.htmlunit_demo.Post_Address_new_test"/>
  <testcase name="addAdress_fail18" time="0.210" classname="com.webtest.htmlunit_demo.Post_Address_new_test"/>
  <testcase name="addAdress_fail21" time="0.224" classname="com.webtest.htmlunit_demo.Post_Address_new_test"/>
  <testcase name="addAdress_fail4" time="0.190" classname="com.webtest.htmlunit_demo.Post_Address_new_test"/>
  <testcase name="addAdress_fail0" time="2.895" classname="com.webtest.htmlunit_demo.Post_Address_new_test"/>
  <testcase name="addAdress_fail1" time="0.190" classname="com.webtest.htmlunit_demo.Post_Address_new_test"/>
  <testcase name="addAdress_fail17" time="0.216" classname="com.webtest.htmlunit_demo.Post_Address_new_test"/>
  <testcase name="addAdress_fail15" time="0.190" classname="com.webtest.htmlunit_demo.Post_Address_new_test"/>
  <testcase name="addAdress_fail16" time="0.210" classname="com.webtest.htmlunit_demo.Post_Address_new_test"/>
  <testcase name="addAdress_fail13" time="0.220" classname="com.webtest.htmlunit_demo.Post_Address_new_test"/>
  <testcase name="addAdress_fail19" time="0.195" classname="com.webtest.htmlunit_demo.Post_Address_new_test"/>
  <testcase name="addAdress_fail12" time="0.189" classname="com.webtest.htmlunit_demo.Post_Address_new_test"/>
  <testcase name="addAdress_fail10" time="0.220" classname="com.webtest.htmlunit_demo.Post_Address_new_test"/>
  <testcase name="addAdress_fail8" time="0.210" classname="com.webtest.htmlunit_demo.Post_Address_new_test"/>
  <testcase name="addAdress_fail6" time="0.200" classname="com.webtest.htmlunit_demo.Post_Address_new_test"/>
  <testcase name="addAdress_fail7" time="0.241" classname="com.webtest.htmlunit_demo.Post_Address_new_test"/>
  <testcase name="addAdress_success1" time="0.180" classname="com.webtest.htmlunit_demo.Post_Address_new_test"/>
</testsuite> <!-- com.webtest.htmlunit_demo.Post_Address_new_test -->
