<?xml version="1.0" encoding="UTF-8"?>
<!-- Generated by org.testng.reporters.JUnitReportReporter -->
<testsuite skipped="0" hostname="BF-201710220916" name="com.webtest.htmlunit_demo.Scene5" tests="5" failures="0" timestamp="17 十二月 2018 09:02:22 GMT" time="2.981" errors="0">
  <testcase name="login" time="2.561" classname="com.webtest.htmlunit_demo.Scene5"/>
  <testcase name="address_list" time="0.110" classname="com.webtest.htmlunit_demo.Scene5"/>
  <testcase name="addressnew" time="0.110" classname="com.webtest.htmlunit_demo.Scene5"/>
  <testcase name="transportfee" time="0.110" classname="com.webtest.htmlunit_demo.Scene5"/>
  <testcase name="submit" time="0.090" classname="com.webtest.htmlunit_demo.Scene5"/>
</testsuite> <!-- com.webtest.htmlunit_demo.Scene5 -->
