<?xml version="1.0" encoding="UTF-8"?>
<!-- Generated by org.testng.reporters.JUnitReportReporter -->
<testsuite skipped="0" hostname="BF-201710220916" name="com.webtest.htmlunit_demo.Scene3" tests="4" failures="0" timestamp="17 十二月 2018 08:06:03 GMT" time="4.121" errors="0">
  <testcase name="address_list" time="3.519" classname="com.webtest.htmlunit_demo.Scene3"/>
  <testcase name="addAdress" time="0.208" classname="com.webtest.htmlunit_demo.Scene3"/>
  <testcase name="transportfee" time="0.139" classname="com.webtest.htmlunit_demo.Scene3"/>
  <testcase name="submit" time="0.255" classname="com.webtest.htmlunit_demo.Scene3"/>
</testsuite> <!-- com.webtest.htmlunit_demo.Scene3 -->
