<?xml version="1.0" encoding="UTF-8"?>
<!-- Generated by org.testng.reporters.JUnitReportReporter -->
<testsuite skipped="0" hostname="BF-201710220916" name="com.webtest.htmlunit_demo.Scene4" tests="3" failures="0" timestamp="17 十二月 2018 08:10:06 GMT" time="2.965" errors="0">
  <testcase name="address_list_success" time="2.650" classname="com.webtest.htmlunit_demo.Scene4"/>
  <testcase name="transportfee" time="0.115" classname="com.webtest.htmlunit_demo.Scene4"/>
  <testcase name="submit" time="0.200" classname="com.webtest.htmlunit_demo.Scene4"/>
</testsuite> <!-- com.webtest.htmlunit_demo.Scene4 -->
