<?xml version="1.0" encoding="UTF-8"?>
<!-- Generated by org.testng.reporters.JUnitReportReporter -->
<testsuite skipped="0" hostname="BF-201710220916" name="com.webtest.htmlunit_demo.Scene1" tests="4" failures="0" timestamp="17 十二月 2018 07:34:42 GMT" time="2.933" errors="0">
  <testcase name="skulist" time="2.583" classname="com.webtest.htmlunit_demo.Scene1"/>
  <testcase name="skulist_goodsId3" time="0.110" classname="com.webtest.htmlunit_demo.Scene1"/>
  <testcase name="skulist_goodsId1" time="0.130" classname="com.webtest.htmlunit_demo.Scene1"/>
  <testcase name="skulist_goodsId2" time="0.110" classname="com.webtest.htmlunit_demo.Scene1"/>
</testsuite> <!-- com.webtest.htmlunit_demo.Scene1 -->
